<?xml version="1.0" encoding="UTF-8"?>
<!-- Generated by org.testng.reporters.JUnitReportReporter -->
<testsuite skipped="0" hostname="DESKTOP-33GHUHG" name="com.testng.Parallel" tests="2" failures="0" timestamp="2022-04-05T22:03:19 IST" time="75.730" errors="0">
  <testcase name="amazon" time="35.002" classname="com.testng.Parallel"/>
  <system-out/>
  <testcase name="flipkart" time="40.728" classname="com.testng.Parallel"/>
  <system-out/>
</testsuite> <!-- com.testng.Parallel -->
