<?xml version="1.0" encoding="UTF-8"?>
<!-- Generated by org.testng.reporters.JUnitReportReporter -->
<testsuite skipped="0" hostname="DESKTOP-33GHUHG" name="com.testng.Parametrizedtest" tests="3" failures="0" timestamp="2022-04-05T21:04:33 IST" time="0.009" errors="0">
  <testcase name="emp_Details" time="0.001" classname="com.testng.Parametrizedtest"/>
  <system-out/>
  <testcase name="emp_Age" time="0.007" classname="com.testng.Parametrizedtest"/>
  <system-out/>
  <testcase name="emp_Name" time="0.001" classname="com.testng.Parametrizedtest"/>
  <system-out/>
</testsuite> <!-- com.testng.Parametrizedtest -->
