<?xml version="1.0" encoding="UTF-8"?>
<!-- Generated by org.testng.reporters.JUnitReportReporter -->
<testsuite skipped="0" hostname="DESKTOP-33GHUHG" name="com.testng.Test_Annotation" tests="1" failures="0" timestamp="2022-04-05T17:24:28 IST" time="35.976" errors="0">
  <testcase name="Browsr" time="35.976" classname="com.testng.Test_Annotation"/>
  <system-out/>
</testsuite> <!-- com.testng.Test_Annotation -->
