<?xml version="1.0" encoding="UTF-8"?>
<!-- Generated by org.testng.reporters.JUnitReportReporter -->
<testsuite skipped="0" hostname="DESKTOP-33GHUHG" name="com.testng.Dataprovider" tests="2" failures="0" timestamp="2022-04-06T08:29:04 IST" time="23.814" errors="0">
  <testcase name="dp" time="9.654" classname="com.testng.Dataprovider"/>
  <system-out/>
  <testcase name="dp" time="14.160" classname="com.testng.Dataprovider"/>
  <system-out/>
</testsuite> <!-- com.testng.Dataprovider -->
