<?xml version="1.0" encoding="UTF-8"?>
<!-- Generated by org.testng.reporters.JUnitReportReporter -->
<testsuite skipped="1" hostname="DESKTOP-33GHUHG" name="com.testng.Priority" tests="4" failures="0" timestamp="2022-04-05T17:43:22 IST" time="11.885" errors="0">
  <testcase name="amazon" time="11.882" classname="com.testng.Priority"/>
  <system-out/>
  <testcase name="nykaa" time="0.001" classname="com.testng.Priority"/>
  <system-out/>
  <testcase name="max" time="0.002" classname="com.testng.Priority"/>
  <system-out/>
  <testcase name="flipkart" classname="com.testng.Priority">
    <skipped/>
  </testcase> <!-- flipkart -->
  <system-out/>
</testsuite> <!-- com.testng.Priority -->
