<?xml version="1.0" encoding="UTF-8"?>
<!-- Generated by org.testng.reporters.JUnitReportReporter -->
<testsuite skipped="0" hostname="DESKTOP-33GHUHG" name="com.testng.Dependency" tests="3" failures="0" timestamp="2022-04-05T17:54:52 IST" time="0.011" errors="0">
  <testcase name="emp_name" time="0.010" classname="com.testng.Dependency"/>
  <system-out/>
  <testcase name="emp_id" time="0.001" classname="com.testng.Dependency"/>
  <system-out/>
  <testcase name="emp_salary" time="0.000" classname="com.testng.Dependency"/>
  <system-out/>
</testsuite> <!-- com.testng.Dependency -->
