<?xml version="1.0" encoding="UTF-8"?>
<!-- Generated by org.testng.reporters.JUnitReportReporter -->
<testsuite skipped="0" hostname="DESKTOP-33GHUHG" name="com.testng.Invoca_Timeout" tests="6" failures="0" timestamp="2022-04-05T18:12:59 IST" time="2.033" errors="1">
  <testcase name="child3" time="0.001" classname="com.testng.Invoca_Timeout"/>
  <system-out/>
  <testcase name="child1" time="0.008" classname="com.testng.Invoca_Timeout"/>
  <system-out/>
  <testcase name="child3" time="0.000" classname="com.testng.Invoca_Timeout"/>
  <system-out/>
  <testcase name="child3" time="0.001" classname="com.testng.Invoca_Timeout"/>
  <system-out/>
  <testcase name="child5" time="1.512" classname="com.testng.Invoca_Timeout"/>
  <system-out/>
  <testcase name="child4" time="0.511" classname="com.testng.Invoca_Timeout">
    <error type="org.testng.internal.thread.ThreadTimeoutException" message="Method com.testng.Invoca_Timeout.child4() didn&#039;t finish within the time-out 500">
      <![CDATA[org.testng.internal.thread.ThreadTimeoutException: Method com.testng.Invoca_Timeout.child4() didn't finish within the time-out 500
at java.lang.Thread.sleep(Native Method)
at com.testng.Invoca_Timeout.child4(Invoca_Timeout.java:20)
at sun.reflect.NativeMethodAccessorImpl.invoke0(Native Method)
at sun.reflect.NativeMethodAccessorImpl.invoke(NativeMethodAccessorImpl.java:62)
at sun.reflect.DelegatingMethodAccessorImpl.invoke(DelegatingMethodAccessorImpl.java:43)
at java.lang.reflect.Method.invoke(Method.java:498)
at org.testng.internal.invokers.MethodInvocationHelper.invokeMethod(MethodInvocationHelper.java:135)
at org.testng.internal.invokers.InvokeMethodRunnable.runOne(InvokeMethodRunnable.java:44)
at org.testng.internal.invokers.InvokeMethodRunnable.call(InvokeMethodRunnable.java:72)
at org.testng.internal.invokers.InvokeMethodRunnable.call(InvokeMethodRunnable.java:10)
at java.util.concurrent.FutureTask.run(FutureTask.java:266)
at java.util.concurrent.ThreadPoolExecutor.runWorker(ThreadPoolExecutor.java:1149)
at java.util.concurrent.ThreadPoolExecutor$Worker.run(ThreadPoolExecutor.java:624)
at java.lang.Thread.run(Thread.java:748)
]]>
    </error>
  </testcase> <!-- child4 -->
  <system-out/>
</testsuite> <!-- com.testng.Invoca_Timeout -->
