<?xml version="1.0" encoding="UTF-8"?>
<!-- Generated by org.testng.reporters.JUnitReportReporter -->
<testsuite skipped="0" hostname="DESKTOP-33GHUHG" name="com.testng.Groupin" tests="3" failures="0" timestamp="2022-04-05T21:53:26 IST" time="0.009" errors="0">
  <testcase name="commerce" time="0.008" classname="com.testng.Groupin"/>
  <system-out/>
  <testcase name="english" time="0.001" classname="com.testng.Groupin"/>
  <system-out/>
  <testcase name="travelandtourism" time="0.000" classname="com.testng.Groupin"/>
  <system-out/>
</testsuite> <!-- com.testng.Groupin -->
