<?xml version="1.0" encoding="UTF-8"?>
<!-- Generated by org.testng.reporters.JUnitReportReporter -->
<testsuite skipped="0" hostname="DESKTOP-33GHUHG" name="com.testng.Hard_Softassert" tests="1" failures="0" timestamp="2022-04-05T21:29:07 IST" time="0.014" errors="0">
  <testcase name="asse" time="0.014" classname="com.testng.Hard_Softassert"/>
  <system-out/>
</testsuite> <!-- com.testng.Hard_Softassert -->
